#
# There is insufficient memory for the Java Runtime Environment to continue.
# Native memory allocation (mmap) failed to map 255852544 bytes for G1 virtual space
# Possible reasons:
#   The system is out of physical RAM or swap space
#   The process is running with CompressedOops enabled, and the Java Heap may be blocking the growth of the native heap
# Possible solutions:
#   Reduce memory load on the system
#   Increase physical memory or swap space
#   Check if swap backing store is full
#   Decrease Java heap size (-Xmx/-Xms)
#   Decrease number of Java threads
#   Decrease Java thread stack sizes (-Xss)
#   Set larger code cache with -XX:ReservedCodeCacheSize=
#   JVM is running with Zero Based Compressed Oops mode in which the Java heap is
#     placed in the first 32GB address space. The Java Heap base address is the
#     maximum limit for the native heap growth. Please use -XX:HeapBaseMinAddress
#     to set the Java Heap base and to place the Java Heap above 32GB virtual address.
# This output file may be truncated or incomplete.
#
#  Out of Memory Error (os_windows.cpp:3548), pid=110920, tid=110852
#
# JRE version:  (17.0.12+8) (build )
# Java VM: Java HotSpot(TM) 64-Bit Server VM (17.0.12+8-LTS-286, mixed mode, emulated-client, sharing, tiered, compressed oops, compressed class ptrs, g1 gc, windows-amd64)
# No core dump will be written. Minidumps are not enabled by default on client versions of Windows
#

---------------  S U M M A R Y ------------

Command Line: -XX:TieredStopAtLevel=1 com.neusoft.elderly.ElderlyCareApplication

Host: AMD Ryzen 9 7845HX with Radeon Graphics        , 24 cores, 15G,  Windows 11 , 64 bit Build 26100 (10.0.26100.8521)
Time: Fri Jun 26 10:45:18 2026  Windows 11 , 64 bit Build 26100 (10.0.26100.8521) elapsed time: 2.034905 seconds (0d 0h 0m 2s)

---------------  T H R E A D  ---------------

Current thread (0x000001c928882150):  JavaThread "Unknown thread" [_thread_in_vm, id=110852, stack(0x000000a976500000,0x000000a976600000)]

Stack: [0x000000a976500000,0x000000a976600000]
Native frames: (J=compiled Java code, j=interpreted, Vv=VM code, C=native code)
V  [jvm.dll+0x67a04a]
V  [jvm.dll+0x7da4ed]
V  [jvm.dll+0x7dbe33]
V  [jvm.dll+0x7dc4a3]
V  [jvm.dll+0x24508f]
V  [jvm.dll+0x677089]
V  [jvm.dll+0x66bd32]
V  [jvm.dll+0x301fa6]
V  [jvm.dll+0x309546]
V  [jvm.dll+0x359d2e]
V  [jvm.dll+0x359f5f]
V  [jvm.dll+0x2d9078]
V  [jvm.dll+0x2d9fe4]
V  [jvm.dll+0x7aca21]
V  [jvm.dll+0x367591]
V  [jvm.dll+0x78b999]
V  [jvm.dll+0x3ec83f]
V  [jvm.dll+0x3ee471]
C  [jli.dll+0x5297]
C  [ucrtbase.dll+0x2cd30]
C  [KERNEL32.DLL+0x2e957]
C  [ntdll.dll+0x87c1c]


---------------  P R O C E S S  ---------------

Threads class SMR info:
_java_thread_list=0x00007ff9fa097a18, length=0, elements={
}

Java Threads: ( => current thread )

Other Threads:
  0x000001c9288ef4c0 GCTaskThread "GC Thread#0" [stack: 0x000000a976600000,0x000000a976700000] [id=110996]
  0x000001c92889dea0 ConcurrentGCThread "G1 Main Marker" [stack: 0x000000a976700000,0x000000a976800000] [id=110988]
  0x000001c928902860 ConcurrentGCThread "G1 Conc#0" [stack: 0x000000a976800000,0x000000a976900000] [id=110956]

[error occurred during error reporting (printing all threads), id 0xc0000005, EXCEPTION_ACCESS_VIOLATION (0xc0000005) at pc=0x00007ff9f98c9b67]

VM state: not at safepoint (not fully initialized)

VM Mutex/Monitor currently owned by a thread:  ([mutex/lock_event])
[0x000001c92887cde0] Heap_lock - owner thread: 0x000001c928882150

Heap address: 0x000000070c800000, size: 3896 MB, Compressed Oops mode: Zero based, Oop shift amount: 3

CDS archive(s) mapped at: [0x0000000000000000-0x0000000000000000-0x0000000000000000), size 0, SharedBaseAddress: 0x0000000800000000, ArchiveRelocationMode: 1.
Narrow klass base: 0x0000000000000000, Narrow klass shift: 0, Narrow klass range: 0x0

GC Precious Log:
<Empty>

Heap:
 garbage-first heap   total 0K, used 0K [0x000000070c800000, 0x0000000800000000)
  region size 2048K, 0 young (0K), 0 survivors (0K)

[error occurred during error reporting (printing heap information), id 0xc0000005, EXCEPTION_ACCESS_VIOLATION (0xc0000005) at pc=0x00007ff9f9cb3859]

GC Heap History (0 events):
No events

Deoptimization events (0 events):
No events

Classes unloaded (0 events):
No events

Classes redefined (0 events):
No events

Internal exceptions (0 events):
No events

VM Operations (0 events):
No events

Events (1 events):
Event: 0.010 Loaded shared library E:\jdk-17\bin\java.dll


Dynamic libraries:
0x00007ff6ea450000 - 0x00007ff6ea460000 	E:\jdk-17\bin\java.exe
0x00007ffafc0c0000 - 0x00007ffafc326000 	C:\WINDOWS\SYSTEM32\ntdll.dll
0x00007ffafb1a0000 - 0x00007ffafb269000 	C:\WINDOWS\System32\KERNEL32.DLL
0x00007ffaf94a0000 - 0x00007ffaf989a000 	C:\WINDOWS\System32\KERNELBASE.dll
0x00007ffaf9350000 - 0x00007ffaf949c000 	C:\WINDOWS\System32\ucrtbase.dll
0x00007ffaf1190000 - 0x00007ffaf11a9000 	E:\jdk-17\bin\jli.dll
0x00007ffab7870000 - 0x00007ffab788b000 	E:\jdk-17\bin\VCRUNTIME140.dll
0x00007ffaf9e30000 - 0x00007ffaf9ee6000 	C:\WINDOWS\System32\ADVAPI32.dll
0x00007ffaf9ef0000 - 0x00007ffaf9f99000 	C:\WINDOWS\System32\msvcrt.dll
0x00007ffafb450000 - 0x00007ffafb4fa000 	C:\WINDOWS\System32\sechost.dll
0x00007ffafb500000 - 0x00007ffafb618000 	C:\WINDOWS\System32\RPCRT4.dll
0x00007ffafb720000 - 0x00007ffafb8e7000 	C:\WINDOWS\System32\USER32.dll
0x00007ffaf9a80000 - 0x00007ffaf9aa7000 	C:\WINDOWS\System32\win32u.dll
0x00007ffafbbd0000 - 0x00007ffafbbfb000 	C:\WINDOWS\System32\GDI32.dll
0x00007ffad9100000 - 0x00007ffad9392000 	C:\WINDOWS\WinSxS\amd64_microsoft.windows.common-controls_6595b64144ccf1df_6.0.26100.8521_none_3e08b75ce33403b3\COMCTL32.dll
0x00007ffaf9950000 - 0x00007ffaf9a7b000 	C:\WINDOWS\System32\gdi32full.dll
0x00007ffaf98a0000 - 0x00007ffaf9943000 	C:\WINDOWS\System32\msvcp_win.dll
0x00007ffaf1a50000 - 0x00007ffaf1a5b000 	C:\WINDOWS\SYSTEM32\VERSION.dll
0x00007ffafbcb0000 - 0x00007ffafbce2000 	C:\WINDOWS\System32\IMM32.DLL
0x00007ffaf1160000 - 0x00007ffaf116c000 	E:\jdk-17\bin\vcruntime140_1.dll
0x00007ffa8f4e0000 - 0x00007ffa8f56e000 	E:\jdk-17\bin\msvcp140.dll
0x00007ff9f95e0000 - 0x00007ff9fa1c0000 	E:\jdk-17\bin\server\jvm.dll
0x00007ffafa420000 - 0x00007ffafa428000 	C:\WINDOWS\System32\PSAPI.DLL
0x00007ffad8a60000 - 0x00007ffad8a6a000 	C:\WINDOWS\SYSTEM32\WSOCK32.dll
0x00007ffaf9fa0000 - 0x00007ffafa020000 	C:\WINDOWS\System32\WS2_32.dll
0x00007ffaea930000 - 0x00007ffaea966000 	C:\WINDOWS\SYSTEM32\WINMM.dll
0x00007ffaf80b0000 - 0x00007ffaf80cb000 	C:\WINDOWS\SYSTEM32\kernel.appcore.dll
0x00007ffaf1100000 - 0x00007ffaf110a000 	E:\jdk-17\bin\jimage.dll
0x00007ffaf6ac0000 - 0x00007ffaf6d02000 	C:\WINDOWS\SYSTEM32\DBGHELP.DLL
0x00007ffafbcf0000 - 0x00007ffafc073000 	C:\WINDOWS\System32\combase.dll
0x00007ffafa1d0000 - 0x00007ffafa2a9000 	C:\WINDOWS\System32\OLEAUT32.dll
0x00007ffad8e50000 - 0x00007ffad8e8b000 	C:\WINDOWS\SYSTEM32\dbgcore.DLL
0x00007ffaf9cf0000 - 0x00007ffaf9d98000 	C:\WINDOWS\System32\bcryptPrimitives.dll
0x00007ffab77b0000 - 0x00007ffab77d5000 	E:\jdk-17\bin\java.dll

dbghelp: loaded successfully - version: 4.0.5 - missing functions: none
symbol engine: initialized successfully - sym options: 0x614 - pdb path: .;E:\jdk-17\bin;C:\WINDOWS\SYSTEM32;C:\WINDOWS\WinSxS\amd64_microsoft.windows.common-controls_6595b64144ccf1df_6.0.26100.8521_none_3e08b75ce33403b3;E:\jdk-17\bin\server

VM Arguments:
jvm_args: -XX:TieredStopAtLevel=1 
java_command: com.neusoft.elderly.ElderlyCareApplication
java_class_path (initial): E:\zye\nursing-management-system\neusoft-elderly-care\backend\target\classes;D:\apache-maven\apache-maven-3.9.14\mvn_repo\org\springframework\boot\spring-boot\3.1.12\spring-boot-3.1.12.jar;D:\apache-maven\apache-maven-3.9.14\mvn_repo\ch\qos\logback\logback-classic\1.4.14\logback-classic-1.4.14.jar;D:\apache-maven\apache-maven-3.9.14\mvn_repo\ch\qos\logback\logback-core\1.4.14\logback-core-1.4.14.jar;D:\apache-maven\apache-maven-3.9.14\mvn_repo\org\apache\logging\log4j\log4j-to-slf4j\2.20.0\log4j-to-slf4j-2.20.0.jar;D:\apache-maven\apache-maven-3.9.14\mvn_repo\org\apache\logging\log4j\log4j-api\2.20.0\log4j-api-2.20.0.jar;D:\apache-maven\apache-maven-3.9.14\mvn_repo\org\slf4j\jul-to-slf4j\2.0.13\jul-to-slf4j-2.0.13.jar;D:\apache-maven\apache-maven-3.9.14\mvn_repo\jakarta\annotation\jakarta.annotation-api\2.1.1\jakarta.annotation-api-2.1.1.jar;D:\apache-maven\apache-maven-3.9.14\mvn_repo\org\yaml\snakeyaml\1.33\snakeyaml-1.33.jar;D:\apache-maven\apache-maven-3.9.14\mvn_repo\com\fasterxml\jackson\core\jackson-databind\2.15.4\jackson-databind-2.15.4.jar;D:\apache-maven\apache-maven-3.9.14\mvn_repo\com\fasterxml\jackson\core\jackson-annotations\2.15.4\jackson-annotations-2.15.4.jar;D:\apache-maven\apache-maven-3.9.14\mvn_repo\com\fasterxml\jackson\core\jackson-core\2.15.4\jackson-core-2.15.4.jar;D:\apache-maven\apache-maven-3.9.14\mvn_repo\com\fasterxml\jackson\datatype\jackson-datatype-jdk8\2.15.4\jackson-datatype-jdk8-2.15.4.jar;D:\apache-maven\apache-maven-3.9.14\mvn_repo\com\fasterxml\jackson\datatype\jackson-datatype-jsr310\2.15.4\jackson-datatype-jsr310-2.15.4.jar;D:\apache-maven\apache-maven-3.9.14\mvn_repo\com\fasterxml\jackson\module\jackson-module-parameter-names\2.15.4\jackson-module-parameter-names-2.15.4.jar;D:\apache-maven\apache-maven-3.9.14\mvn_repo\org\apache\tomcat\embed\tomcat-embed-core\10.1.24\tomcat-embed-core-10.1.24.jar;D:\apache-maven\apache-maven-3.9.14\mvn_repo\org\apache\tomcat\embed\tomcat-embed-websocket\10.1.24\
Launcher Type: SUN_STANDARD

[Global flags]
     intx CICompilerCount                          = 12                                        {product} {ergonomic}
     uint ConcGCThreads                            = 5                                         {product} {ergonomic}
     uint G1ConcRefinementThreads                  = 18                                        {product} {ergonomic}
   size_t G1HeapRegionSize                         = 2097152                                   {product} {ergonomic}
    uintx GCDrainStackTargetSize                   = 64                                        {product} {ergonomic}
   size_t InitialHeapSize                          = 255852544                                 {product} {ergonomic}
   size_t MarkStackSize                            = 4194304                                   {product} {ergonomic}
   size_t MaxHeapSize                              = 4085252096                                {product} {ergonomic}
   size_t MinHeapDeltaBytes                        = 2097152                                   {product} {ergonomic}
   size_t MinHeapSize                              = 8388608                                   {product} {ergonomic}
    uintx NonProfiledCodeHeapSize                  = 0                                      {pd product} {ergonomic}
     bool ProfileInterpreter                       = false                                  {pd product} {command line}
    uintx ProfiledCodeHeapSize                     = 0                                      {pd product} {ergonomic}
   size_t SoftMaxHeapSize                          = 4085252096                             {manageable} {ergonomic}
     intx TieredStopAtLevel                        = 1                                         {product} {command line}
     bool UseCompressedClassPointers               = true                           {product lp64_product} {ergonomic}
     bool UseCompressedOops                        = true                           {product lp64_product} {ergonomic}
     bool UseG1GC                                  = true                                      {product} {ergonomic}
     bool UseLargePagesIndividualAllocation        = false                                  {pd product} {ergonomic}

Logging:
Log output configuration:
 #0: stdout all=warning uptime,level,tags
 #1: stderr all=off uptime,level,tags

Environment Variables:
JAVA_HOME=E:\jdk-17
PATH=e:\cursor\resources\app\resources\helpers;E:\ShadowBot;E:\jdk-17\bin;C:\Windows\system32;C:\Windows;C:\Windows\System32\Wbem;C:\Windows\System32\WindowsPowerShell\v1.0\;C:\Windows\System32\OpenSSH\;C:\Program Files (x86)\NVIDIA Corporation\PhysX\Common;C:\WINDOWS\system32;C:\WINDOWS;C:\Program Files\MySQL\MySQL Server 8.0\bin;C:\WINDOWS\System32\Wbem;C:\WINDOWS\System32\WindowsPowerShell\v1.0\;C:\WINDOWS\System32\OpenSSH\;C:\Program Files\dotnet\;C:\Program Files\mingw64\bin;D:\maven\bin;E:\nodejs;E:\nodejs\node_global;E:\nodejs\node_cache;C:\Program Files\NVIDIA Corporation\NVIDIA App\NvDLISR;E:\Weixin;D:\New Folder\common;D:\apache-maven\apache-maven-3.9.14\bin;D:\Docker\resources\bin;E:\nodejs\;C:\Windows\dll;;C:\Program Files\python;C:\Program Files\python\Scripts;;D:\BtSoft\panel\script;e:\cursor\resources\app\codeBin;C:\Users\艇嶺價譙嫌\AppData\Local\Programs\Python\Python314\Scripts\;C:\Users\艇嶺價譙嫌\AppData\Local\Programs\Python\Python314\;E:\ShadowBot;C:\Users\艇嶺價譙嫌\AppData\Local\Microsoft\WindowsApps;C:\Program Files\MySQL\MySQL Shell 8.0\bin\bin;C:\Program Files\JetBrains\DataGrip 2024.2.2\bin;;E:\nodejs\node_global;E:\;E:\cursor\resources\app\bin;E:\Git\bin;E:\Git\cmd;E:\Microsoft VS Code\bin;E:\RocketMq\rocketmq-all-5.4.0-bin-release\bin;C:\Users\艇嶺價譙嫌\AppData\Roaming\npm;C:\Users\艇嶺價譙嫌\.openclaw\workspace\ffmpeg-bin\ffmpeg-8.1.1-essentials_build\bin
USERNAME=艇嶺價譙嫌
OS=Windows_NT
PROCESSOR_IDENTIFIER=AMD64 Family 25 Model 97 Stepping 2, AuthenticAMD



---------------  S Y S T E M  ---------------

OS:
 Windows 11 , 64 bit Build 26100 (10.0.26100.8521)
OS uptime: 0 days 2:07 hours
Hyper-V role detected

CPU: total 24 (initial active 24) (24 cores per cpu, 2 threads per core) family 25 model 97 stepping 2 microcode 0xa601206, cx8, cmov, fxsr, ht, mmx, 3dnowpref, sse, sse2, sse3, ssse3, sse4a, sse4.1, sse4.2, popcnt, lzcnt, tsc, tscinvbit, avx, avx2, aes, erms, clmul, bmi1, bmi2, adx, avx512f, avx512dq, avx512cd, avx512bw, avx512vl, sha, fma, vzeroupper, avx512_vpopcntdq, avx512_vpclmulqdq, avx512_vaes, avx512_vnni, clflush, clflushopt, avx512_vbmi2, avx512_vbmi, hv

Memory: 4k page, system-wide physical 15578M (833M free)
TotalPageFile size 34322M (AvailPageFile size 108M)
current process WorkingSet (physical memory assigned to process): 13M, peak: 13M
current process commit charge ("private bytes"): 76M, peak: 320M

vm_info: Java HotSpot(TM) 64-Bit Server VM (17.0.12+8-LTS-286) for windows-amd64 JRE (17.0.12+8-LTS-286), built on Jun  5 2024 06:46:59 by "mach5one" with MS VC++ 17.6 (VS2022)

END.
